<?xml version="1.0" encoding="UTF-8"?>
<testsuite name="ru.nsu.g.a.vybortseva.game.BlackJackGameTest" tests="25" skipped="0" failures="0" errors="0" timestamp="2025-09-13T05:15:25.246Z" hostname="MSI_KATANA" time="0.131">
  <properties/>
  <testcase name="testPlayerTurnTakesCard()" classname="ru.nsu.g.a.vybortseva.game.BlackJackGameTest" time="0.047"/>
  <testcase name="testDetermineRoundWinnerDealerBlackjack()" classname="ru.nsu.g.a.vybortseva.game.BlackJackGameTest" time="0.003"/>
  <testcase name="testDetermineRoundWinnerBothBlackjack()" classname="ru.nsu.g.a.vybortseva.game.BlackJackGameTest" time="0.002"/>
  <testcase name="testDetermineRoundWinnerPlayerWinsByPoints()" classname="ru.nsu.g.a.vybortseva.game.BlackJackGameTest" time="0.002"/>
  <testcase name="testInitialDealDistributesCards()" classname="ru.nsu.g.a.vybortseva.game.BlackJackGameTest" time="0.002"/>
  <testcase name="testDetermineRoundWinner_Tie()" classname="ru.nsu.g.a.vybortseva.game.BlackJackGameTest" time="0.002"/>
  <testcase name="testDetermineRoundWinnerDealerWinsByPoints()" classname="ru.nsu.g.a.vybortseva.game.BlackJackGameTest" time="0.001"/>
  <testcase name="testDetermineRoundWinnerPlayerBusted()" classname="ru.nsu.g.a.vybortseva.game.BlackJackGameTest" time="0.001"/>
  <testcase name="testDetermineRoundWinnerDealerBusted()" classname="ru.nsu.g.a.vybortseva.game.BlackJackGameTest" time="0.002"/>
  <testcase name="testPlayRoundIncrementsRoundNumber()" classname="ru.nsu.g.a.vybortseva.game.BlackJackGameTest" time="0.007"/>
  <testcase name="testPrintScore()" classname="ru.nsu.g.a.vybortseva.game.BlackJackGameTest" time="0.002"/>
  <testcase name="testPrintGameStateShowsDealerHiddenCard()" classname="ru.nsu.g.a.vybortseva.game.BlackJackGameTest" time="0.002"/>
  <testcase name="testInitialDealDealerFirstCardHidden()" classname="ru.nsu.g.a.vybortseva.game.BlackJackGameTest" time="0.001"/>
  <testcase name="testInitializeGameCreatesObjects()" classname="ru.nsu.g.a.vybortseva.game.BlackJackGameTest" time="0.003"/>
  <testcase name="testDealerTurn_DealerStops()" classname="ru.nsu.g.a.vybortseva.game.BlackJackGameTest" time="0.002"/>
  <testcase name="testEndGameDealerWins()" classname="ru.nsu.g.a.vybortseva.game.BlackJackGameTest" time="0.003"/>
  <testcase name="testPlayerTurnPlayerStops()" classname="ru.nsu.g.a.vybortseva.game.BlackJackGameTest" time="0.002"/>
  <testcase name="testInitialDeal()" classname="ru.nsu.g.a.vybortseva.game.BlackJackGameTest" time="0.002"/>
  <testcase name="testDealerTurnStopsAt17()" classname="ru.nsu.g.a.vybortseva.game.BlackJackGameTest" time="0.002"/>
  <testcase name="testGetPlayerChoiceInvalidThenValidInput()" classname="ru.nsu.g.a.vybortseva.game.BlackJackGameTest" time="0.001"/>
  <testcase name="testPrintGameState()" classname="ru.nsu.g.a.vybortseva.game.BlackJackGameTest" time="0.001"/>
  <testcase name="testGetPlayerChoiceValidInput()" classname="ru.nsu.g.a.vybortseva.game.BlackJackGameTest" time="0.002"/>
  <testcase name="testEndGamePlayerWins()" classname="ru.nsu.g.a.vybortseva.game.BlackJackGameTest" time="0.001"/>
  <testcase name="testInitialDealPlayerCardsVisible()" classname="ru.nsu.g.a.vybortseva.game.BlackJackGameTest" time="0.003"/>
  <testcase name="testDetermineRoundWinnerPlayerBlackjack()" classname="ru.nsu.g.a.vybortseva.game.BlackJackGameTest" time="0.002"/>
  <system-out><![CDATA[]]></system-out>
  <system-err><![CDATA[]]></system-err>
</testsuite>
