<?xml version="1.0" encoding="UTF-8"?>
<testsuite name="ru.nsu.g.a.vybortseva.equations.VariableTest" tests="18" skipped="0" failures="0" errors="0" timestamp="2025-10-08T12:27:50.875Z" hostname="MSI_KATANA" time="0.083">
  <properties/>
  <testcase name="testDerivative()" classname="ru.nsu.g.a.vybortseva.equations.VariableTest" time="0.034"/>
  <testcase name="testEvaluateCaseSensitivity()" classname="ru.nsu.g.a.vybortseva.equations.VariableTest" time="0.001"/>
  <testcase name="testEvaluatePerformanceWithRepeatedCalls()" classname="ru.nsu.g.a.vybortseva.equations.VariableTest" time="0.004"/>
  <testcase name="testParseVariablesWithValidInput()" classname="ru.nsu.g.a.vybortseva.equations.VariableTest" time="0.003"/>
  <testcase name="testDerivativeEdgeCases()" classname="ru.nsu.g.a.vybortseva.equations.VariableTest" time="0.001"/>
  <testcase name="testPrint()" classname="ru.nsu.g.a.vybortseva.equations.VariableTest" time="0.005"/>
  <testcase name="testToString()" classname="ru.nsu.g.a.vybortseva.equations.VariableTest" time="0.003"/>
  <testcase name="testEvaluateCacheWithDifferentStrings()" classname="ru.nsu.g.a.vybortseva.equations.VariableTest" time="0.001"/>
  <testcase name="testEvaluateWithCache()" classname="ru.nsu.g.a.vybortseva.equations.VariableTest" time="0.001"/>
  <testcase name="testEvaluateBoundaryValues()" classname="ru.nsu.g.a.vybortseva.equations.VariableTest" time="0.002"/>
  <testcase name="testEvaluateDuplicateVariables()" classname="ru.nsu.g.a.vybortseva.equations.VariableTest" time="0.0"/>
  <testcase name="testEvaluateWithEmptyVariables()" classname="ru.nsu.g.a.vybortseva.equations.VariableTest" time="0.004"/>
  <testcase name="testEvaluate()" classname="ru.nsu.g.a.vybortseva.equations.VariableTest" time="0.001"/>
  <testcase name="testParseVariablesWithEmptyAndNull()" classname="ru.nsu.g.a.vybortseva.equations.VariableTest" time="0.002"/>
  <testcase name="testParseVariablesBoundaryValues()" classname="ru.nsu.g.a.vybortseva.equations.VariableTest" time="0.001"/>
  <testcase name="testEvaluateWithLargeNumbers()" classname="ru.nsu.g.a.vybortseva.equations.VariableTest" time="0.001"/>
  <testcase name="testDerivativeWithDifferentVariables()" classname="ru.nsu.g.a.vybortseva.equations.VariableTest" time="0.001"/>
  <testcase name="testParseVariablesResultContent()" classname="ru.nsu.g.a.vybortseva.equations.VariableTest" time="0.0"/>
  <system-out><![CDATA[x]]></system-out>
  <system-err><![CDATA[]]></system-err>
</testsuite>
